!xselect 20:49:17 06-Jun-2016
xsel:SUZAKU > read events sw00035873001xpcw2po_cl.evt
> Enter the Event file dir >[.//] .//
Got new mission: SWIFT
> Reset the mission ? >[yes] yes
 Notes: XSELECT set up for      SWIFT
 Time keyword is TIME       in units of s
 Default timing binsize =   5.0000
 
Setting...
 Image  keywords   = X          Y           with binning =    1
 WMAP   keywords   = X          Y           with binning =    1
 Energy keyword   = PI                     with binning =    1
 
Getting Min and Max for Energy Column...
Got min and max for PI:     0   1023
 
Got the minimum time resolution of the read data:   2.5073
MJDREF =  5.1910000742870E+04 with TIMESYS = TT
 Number of files read in:            1
me/max/diplom/SAO_pract/Second_shot/xsel_read_cat.xsl" "keywords=@/home/max/dip
lom/SAO_pract/Second_shot/xsel_obslist.def" maxlen=11 minlen=0 iform=I8 "eform=
E8.2" quiet=yes omit=no
******************** Observation Catalogue ********************
 
Data Directory is: /home/max/diplom/SAO_pract/Second_shot/
HK Directory is: /home/max/diplom/SAO_pract/Second_shot/
lay.def" "-" prhead = no pagewidth = 128 wrap = yes showunit = no tdisp = yes
 
 
        OBJECT      OBS_ID      DATE-OBS            DATAMODE
      1 NGC4449     00035873001 2007-03-27T15:17:46 PHOTON
xsel:SWIFT-XRT-PHOTON > filter region sw00035873001xpcw2po_cl.evtlc.reg
xsel:SWIFT-XRT-PHOTON > extract spectrum
"xsel_region.xsl" qdpfile = NONE fitsbinlc = NONE unbinlc = NONE phafile = "xse
l_hist.xsl" imgfile = NONE timefile = NONE adjustgti=yes gstring = NONE timeord
er = no xcolf = X ycolf = Y xcolh = X ycolh = Y xfkey = TLMAX yfkey = TLMAX xhk
ey = TLMAX yhkey = TLMAX phamax = TLMAX specbin = 1 binh = 1 binf = 1 binlc = "
5.0000000E+00" tcol = TIME ecol = PI ccol = NONE gcol = GRADE gti = GTI events 
= EVENTS gtitxt = "xsel_ascii_out.xsl" timeref = "40000.00" wtmapb = yes wtmapf
ix = yes swmapx = no swmapy = no wmapver = 2 gtinam = GTI exitnow = no
extractor v5.25    13 Jan 2016
 Getting FITS WCS Keywords
 Doing file: /home/max/diplom/SAO_pract/Second_shot/sw00035873001xpcw2po_cl.evt
[regfilter("xsel_region.xsl",X,Y)]
          Total      Good    Bad: Time     Phase     Grade       Cut
             52        52            0         0         0         0
===============================================================================
    Grand Total      Good    Bad: Time     Phase     Grade       Cut
             52        52            0         0         0         0
   in  4701.2     seconds
 Spectrum         has       52 counts for 1.1061E-02 counts/sec
 ... written the PHA data Extension
Wrote spectrum to spec_00035873001.pha
xsel:SWIFT-XRT-PHOTON > clear region
xsel:SWIFT-XRT-PHOTON > filter region sw00035873001xpcw2po_cl.evtbkg.reg
xsel:SWIFT-XRT-PHOTON > extract spectrum
"xsel_region.xsl" qdpfile = NONE fitsbinlc = NONE unbinlc = NONE phafile = "xse
l_hist.xsl" imgfile = NONE timefile = NONE adjustgti=yes gstring = NONE timeord
er = no xcolf = X ycolf = Y xcolh = X ycolh = Y xfkey = TLMAX yfkey = TLMAX xhk
ey = TLMAX yhkey = TLMAX phamax = TLMAX specbin = 1 binh = 1 binf = 1 binlc = "
5.0000000E+00" tcol = TIME ecol = PI ccol = NONE gcol = GRADE gti = GTI events 
= EVENTS gtitxt = "xsel_ascii_out.xsl" timeref = "40000.00" wtmapb = yes wtmapf
ix = yes swmapx = no swmapy = no wmapver = 2 gtinam = GTI exitnow = no
extractor v5.25    13 Jan 2016
 Getting FITS WCS Keywords
 Doing file: /home/max/diplom/SAO_pract/Second_shot/sw00035873001xpcw2po_cl.evt
[regfilter("xsel_region.xsl",X,Y)]
          Total      Good    Bad: Time     Phase     Grade       Cut
             65        65            0         0         0         0
===============================================================================
    Grand Total      Good    Bad: Time     Phase     Grade       Cut
             65        65            0         0         0         0
   in  4701.2     seconds
 Spectrum         has       65 counts for 1.3826E-02 counts/sec
 ... written the PHA data Extension
Wrote spectrum to sp_bkg_00035873001.pha
xsel:SWIFT-XRT-PHOTON > clear region
xsel:SWIFT-XRT-PHOTON > filter region sw00035873001xpcw2po_cl.evtlc.reg
xsel:SWIFT-XRT-PHOTON > filter pha_cutoff 30 1000
xsel:SWIFT-XRT-PHOTON > set binsize 3
xsel:SWIFT-XRT-PHOTON > extract curve
"xsel_region.xsl" qdpfile = NONE fitsbinlc = "xsel_fits_curve.xsl" lcthresh = "
9.9000000E-01" lctzero = yes xronwn = "/home/max/diplom/SAO_pract/Second_shot/x
sel_xronos_out.xsl" unbinlc = NONE phafile = NONE imgfile = NONE timefile = NON
E adjustgti=yes gstring = NONE timeorder = no xcolf = X ycolf = Y xcolh = X yco
lh = Y xfkey = TLMAX yfkey = TLMAX xhkey = TLMAX yhkey = TLMAX phamax = TLMAX s
pecbin = 1 binh = 1 binf = 1 binlc = "3.0000000E+00" tcol = TIME ecol = PI ccol
 = NONE gcol = GRADE gti = GTI events = EVENTS gtitxt = "xsel_ascii_out.xsl" ti
meref = "40000.00" wtmapb = yes wtmapfix = yes swmapx = no swmapy = no wmapver 
= 2 gtinam = GTI exitnow = no
extractor v5.25    13 Jan 2016
 Getting FITS WCS Keywords
 Doing file: /home/max/diplom/SAO_pract/Second_shot/sw00035873001xpcw2po_cl.evt
[regfilter("xsel_region.xsl",X,Y)]
          Total      Good    Bad: Time     Phase     Grade       Cut
             52        51            0         0         0         1
===============================================================================
    Grand Total      Good    Bad: Time     Phase     Grade       Cut
             52        51            0         0         0         1
   in  4701.2     seconds
 Fits light curve has       51 counts for 1.0848E-02 counts/sec
 Thresholding removed more than half the bins
 Try exposure=0.0 on the extract command in xselect
 or lcthresh=0.0 if running extractor stand-alone
Wrote FITS light curve to file curve_00035873001.lc
xsel:SWIFT-XRT-PHOTON > clear region
xsel:SWIFT-XRT-PHOTON > filter region sw00035873001xpcw2po_cl.evtbkg.reg
xsel:SWIFT-XRT-PHOTON > extract curve
"xsel_region.xsl" qdpfile = NONE fitsbinlc = "xsel_fits_curve.xsl" lcthresh = "
9.9000000E-01" lctzero = yes xronwn = "/home/max/diplom/SAO_pract/Second_shot/x
sel_xronos_out.xsl" unbinlc = NONE phafile = NONE imgfile = NONE timefile = NON
E adjustgti=yes gstring = NONE timeorder = no xcolf = X ycolf = Y xcolh = X yco
lh = Y xfkey = TLMAX yfkey = TLMAX xhkey = TLMAX yhkey = TLMAX phamax = TLMAX s
pecbin = 1 binh = 1 binf = 1 binlc = "3.0000000E+00" tcol = TIME ecol = PI ccol
 = NONE gcol = GRADE gti = GTI events = EVENTS gtitxt = "xsel_ascii_out.xsl" ti
meref = "40000.00" wtmapb = yes wtmapfix = yes swmapx = no swmapy = no wmapver 
= 2 gtinam = GTI exitnow = no
extractor v5.25    13 Jan 2016
 Getting FITS WCS Keywords
 Doing file: /home/max/diplom/SAO_pract/Second_shot/sw00035873001xpcw2po_cl.evt
[regfilter("xsel_region.xsl",X,Y)]
          Total      Good    Bad: Time     Phase     Grade       Cut
             65        60            0         0         0         5
===============================================================================
    Grand Total      Good    Bad: Time     Phase     Grade       Cut
             65        60            0         0         0         5
   in  4701.2     seconds
 Fits light curve has       60 counts for 1.2763E-02 counts/sec
 Thresholding removed more than half the bins
 Try exposure=0.0 on the extract command in xselect
 or lcthresh=0.0 if running extractor stand-alone
Wrote FITS light curve to file bkg_00035873001.lc
xsel:SWIFT-XRT-PHOTON > clear region
xsel:SWIFT-XRT-PHOTON > exit
> Save this session? >[no] no
